<?xml version="1.0" encoding="UTF-8"?>
<!-- Generated by org.testng.reporters.JUnitXMLReporter -->
<testsuite ignored="0" hostname="DESKTOP-S5GT6SH" failures="0" tests="17" name="Surefire test" time="0.162" errors="0" timestamp="2022-04-02T02:30:59 PET">
  <testcase classname="lab.ManageDemandTest" name="test_AdditionalAdditionalOrdersFromPeru" time="0.011"/>
  <testcase classname="lab.ManageDemandTest" name="test_AdditionalAllOrdersFromArgentina" time="0.001"/>
  <testcase classname="lab.ManageDemandTest" name="test_AdditionalAllOrdersFromBrazil" time="0.001"/>
  <testcase classname="lab.ManageDemandTest" name="test_AdditionalAllOrdersFromColombia" time="0.001"/>
  <testcase classname="lab.ManageDemandTest" name="test_AllOrdersFromArgentina" time="0.001"/>
  <testcase classname="lab.ManageDemandTest" name="test_AllOrdersFromBrazil" time="0.001"/>
  <testcase classname="lab.ManageDemandTest" name="test_AllOrdersFromColombia" time="0.0"/>
  <testcase classname="lab.ManageDemandTest" name="test_AllOrdersFromPeru" time="0.0"/>
  <testcase classname="lab.TaxTest" name="addtax_calc_tests_1" time="0.001"/>
  <testcase classname="lab.TaxTest" name="addtax_calc_tests_2" time="0.0"/>
  <testcase classname="lab.TaxTest" name="addtax_tests_1" time="0.001"/>
  <testcase classname="lab.TaxTest" name="addtax_tests_2" time="0.0"/>
  <testcase classname="lab.TaxTest" name="addtax_tests_3" time="0.001"/>
  <testcase classname="lab.TaxTest" name="tax_calc_tests_1" time="0.0"/>
  <testcase classname="lab.TaxTest" name="tax_tests_1" time="0.001"/>
  <testcase classname="lab.TaxTest" name="tax_tests_2" time="0.0"/>
  <testcase classname="lab.TaxTest" name="tax_tests_3" time="0.001"/>
</testsuite> <!-- Surefire test -->
