<?xml version="1.0" encoding="UTF-8"?>
<testsuite xmlns:xsi="http://www.w3.org/2001/XMLSchema-instance" xsi:noNamespaceSchemaLocation="https://maven.apache.org/surefire/maven-surefire-plugin/xsd/surefire-test-report.xsd" name="TestSuite" time="3.882" tests="17" errors="0" skipped="0" failures="0">
  <properties>
[...]
</properties>
  <testcase name="test_AdditionalAdditionalOrdersFromPeru" classname="lab.ManageDemandTest" time="0.053"/>
  <testcase name="test_AdditionalAllOrdersFromArgentina" classname="lab.ManageDemandTest" time="0.001"/>
  <testcase name="test_AdditionalAllOrdersFromBrazil" classname="lab.ManageDemandTest" time="0.001"/>
  <testcase name="test_AdditionalAllOrdersFromColombia" classname="lab.ManageDemandTest" time="0.001"/>
  <testcase name="test_AllOrdersFromArgentina" classname="lab.ManageDemandTest" time="0.002"/>
  <testcase name="test_AllOrdersFromBrazil" classname="lab.ManageDemandTest" time="0.001"/>
  <testcase name="test_AllOrdersFromColombia" classname="lab.ManageDemandTest" time="0.002"/>
  <testcase name="test_AllOrdersFromPeru" classname="lab.ManageDemandTest" time="0.001"/>
  <testcase name="addtax_calc_tests_1" classname="lab.TaxTest" time="0.001"/>
  <testcase name="addtax_calc_tests_2" classname="lab.TaxTest" time="0.003"/>
  <testcase name="addtax_tests_1" classname="lab.TaxTest" time="0.004"/>
  <testcase name="addtax_tests_2" classname="lab.TaxTest" time="0.008"/>
  <testcase name="addtax_tests_3" classname="lab.TaxTest" time="0.001"/>
  <testcase name="tax_calc_tests_1" classname="lab.TaxTest" time="0.003"/>
  <testcase name="tax_tests_1" classname="lab.TaxTest" time="0.001"/>
  <testcase name="tax_tests_2" classname="lab.TaxTest" time="0.002"/>
  <testcase name="tax_tests_3" classname="lab.TaxTest" time="0.002"/>
</testsuite>